#-----------------------------------------------------------
# Vivado v2018.2 (64-bit)
# SW Build 2258646 on Thu Jun 14 20:03:12 MDT 2018
# IP Build 2256618 on Thu Jun 14 22:10:49 MDT 2018
# Start of session at: Sat Jan 19 11:24:42 2019
# Process ID: 12616
# Current directory: C:/Users/plane/Documents/ETSIT/DSED/PROYECTO/dsed_audio
# Command line: vivado.exe -gui_launcher_event rodinguilauncherevent7232 C:\Users\plane\Documents\ETSIT\DSED\PROYECTO\dsed_audio\dsed_audio.xpr
# Log file: C:/Users/plane/Documents/ETSIT/DSED/PROYECTO/dsed_audio/vivado.log
# Journal file: C:/Users/plane/Documents/ETSIT/DSED/PROYECTO/dsed_audio\vivado.jou
#-----------------------------------------------------------
start_gui
oopen_project C:/Users/plane/Documents/ETSIT/DSED/PROYECTO/dsed_audio/dsed_audio.xprSScanning sources...
Finished scanning sourcesIINFO: [IP_Flow 19-234] Refreshing IP repositories
INFO: [IP_Flow 19-1704] No user IP repositories specifiedINFO: [IP_Flow 19-2313] Loaded Vivado IP repository 'C:/Xilinx/Vivado/2018.2/data/ip'.
oopen_project: Time (s): cpu = 00:00:19 ; elapsed = 00:00:10 . Memory (MB): peak = 753.012 ; gain = 68.266reset_run synth_1
launch_runs impl_1 -to_step write_bitstream -jobs 8
[Sat Jan 19 11:26:37 2019] Launched synth_1...
Run output will be captured here: C:/Users/plane/Documents/ETSIT/DSED/PROYECTO/dsed_audio/dsed_audio.runs/synth_1/runme.log
[Sat Jan 19 11:26:38 2019] Launched impl_1...
Run output will be captured here: C:/Users/plane/Documents/ETSIT/DSED/PROYECTO/dsed_audio/dsed_audio.runs/impl_1/runme.log
open_hw
connect_hw_server
INFO: [Labtools 27-2285] Connecting to hw_server url TCP:localhost:3121
INFO: [Labtools 27-2222] Launching hw_server...
INFO: [Labtools 27-2221] Launch Output:

****** Xilinx hw_server v2018.2
  **** Build date : Jun 14 2018-20:42:52
    ** Copyright 1986-2018 Xilinx, Inc. All Rights Reserved.


open_hw_target
INFO: [Labtoolstcl 44-466] Opening hw_target localhost:3121/xilinx_tcf/Digilent/210292AA7684A
set_property PROGRAM.FILE {C:/Users/plane/Documents/ETSIT/DSED/PROYECTO/dsed_audio/dsed_audio.runs/impl_1/dsed_audio.bit} [get_hw_devices xc7a100t_0]
current_hw_device [get_hw_devices xc7a100t_0]
refresh_hw_device -update_hw_probes false [lindex [get_hw_devices xc7a100t_0] 0]
INFO: [Labtools 27-1434] Device xc7a100t (JTAG device index = 0) is programmed with a design that has no supported debug core(s) in it.
WARNING: [Labtools 27-3361] The debug hub core was not detected.
Resolution: 
1. Make sure the clock connected to the debug hub (dbg_hub) core is a free running clock and is active.
2. Make sure the BSCAN_SWITCH_USER_MASK device property in Vivado Hardware Manager reflects the user scan chain setting in the design and refresh the device.  To determine the user scan chain setting in the design, open the implemented design and use 'get_property C_USER_SCAN_CHAIN [get_debug_cores dbg_hub]'.
For more details on setting the scan chain property, consult the Vivado Debug and Programming User Guide (UG908).
set_property PROBES.FILE {} [get_hw_devices xc7a100t_0]
set_property FULL_PROBES.FILE {} [get_hw_devices xc7a100t_0]
set_property PROGRAM.FILE {C:/Users/plane/Documents/ETSIT/DSED/PROYECTO/dsed_audio/dsed_audio.runs/impl_1/dsed_audio.bit} [get_hw_devices xc7a100t_0]
program_hw_devices [get_hw_devices xc7a100t_0]
INFO: [Labtools 27-3164] End of startup status: HIGH
refresh_hw_device [lindex [get_hw_devices xc7a100t_0] 0]
INFO: [Labtools 27-1434] Device xc7a100t (JTAG device index = 0) is programmed with a design that has no supported debug core(s) in it.
WARNING: [Labtools 27-3361] The debug hub core was not detected.
Resolution: 
1. Make sure the clock connected to the debug hub (dbg_hub) core is a free running clock and is active.
2. Make sure the BSCAN_SWITCH_USER_MASK device property in Vivado Hardware Manager reflects the user scan chain setting in the design and refresh the device.  To determine the user scan chain setting in the design, open the implemented design and use 'get_property C_USER_SCAN_CHAIN [get_debug_cores dbg_hub]'.
For more details on setting the scan chain property, consult the Vivado Debug and Programming User Guide (UG908).
ERROR: [Labtoolstcl 44-513] HW Target shutdown. Closing target: localhost:3121/xilinx_tcf/Digilent/210292AA7684A
exit
INFO: [Common 17-206] Exiting Vivado at Tue Jan 22 20:48:05 2019...
