Vivado Simulator 2018.2
Copyright 1986-1999, 2001-2018 Xilinx, Inc. All Rights Reserved.
Running: C:/Xilinx/Vivado/2018.2/bin/unwrapped/win64.o/xelab.exe -wto 28dc6fcce0d949889b154566cea1c7f9 --incr --debug typical --relax --mt 2 -L xil_defaultlib -L unisims_ver -L unimacro_ver -L secureip -L xpm --snapshot audio_global_tb_behav xil_defaultlib.audio_global_tb xil_defaultlib.glbl -log elaborate.log 
Using 2 slave threads.
Starting static elaboration
WARNING: [VRFC 10-516] comparison between unequal length arrays always returns FALSE [C:/Users/plane/Documents/ETSIT/DSED/PROYECTO/dsed_audio/dsed_audio.srcs/sources_1/imports/BLOQUE1/interfaz_microfono/interfaz_microfono.srcs/sources_1/new/FSMD_microphone.vhd:114]
WARNING: [VRFC 10-516] comparison between unequal length arrays always returns FALSE [C:/Users/plane/Documents/ETSIT/DSED/PROYECTO/dsed_audio/dsed_audio.srcs/sources_1/imports/BLOQUE1/interfaz_microfono/interfaz_microfono.srcs/sources_1/new/FSMD_microphone.vhd:167]
Completed static elaboration
Starting simulation data flow analysis
Completed simulation data flow analysis
Time Resolution for simulation is 1ps
Compiling package std.standard
Compiling package std.textio
Compiling package ieee.std_logic_1164
Compiling package ieee.numeric_std
Compiling package xil_defaultlib.package_dsed
Compiling package unisim.vcomponents
Compiling package ieee.std_logic_arith
Compiling package ieee.std_logic_signed
Compiling package ieee.vital_timing
Compiling package ieee.vital_primitives
Compiling package unisim.vpkg
Compiling package ieee.std_logic_textio
Compiling module xil_defaultlib.glbl
Compiling architecture bufg_v of entity unisim.BUFG [bufg_default]
Compiling architecture ibuf_v of entity unisim.IBUF [\IBUF(1,9)(1,1)(1,4)(1,7)\]
Compiling architecture mmcme2_adv_v of entity unisim.MMCME2_ADV [\MMCME2_ADV(clkfbout_mult_f=49.8...]
Compiling architecture structure of entity xil_defaultlib.clk_12Mhz_clk_12Mhz_clk_wiz [clk_12mhz_clk_12mhz_clk_wiz_defa...]
Compiling architecture structure of entity xil_defaultlib.clk_12Mhz [clk_12mhz_default]
Compiling architecture behavioral of entity xil_defaultlib.en_4_cycles [en_4_cycles_default]
Compiling architecture behavioral of entity xil_defaultlib.FSMD_microphone [fsmd_microphone_default]
Compiling architecture behavioral of entity xil_defaultlib.pwm [pwm_default]
Compiling architecture behavioral of entity xil_defaultlib.audio_interface [audio_interface_default]
Compiling architecture behavioral of entity xil_defaultlib.data_path [data_path_default]
Compiling architecture behavioral of entity xil_defaultlib.control_filter [control_filter_default]
Compiling architecture behavioral of entity xil_defaultlib.fir_filter [fir_filter_default]
Compiling architecture gnd_v of entity unisim.GND [gnd_default]
Compiling architecture muxf7_v of entity unisim.MUXF7 [muxf7_default]
Compiling architecture lut6_v of entity unisim.LUT6 [\LUT6(init="10101111101000001100...]
Compiling architecture lut3_v of entity unisim.LUT3 [\LUT3(init="10111000")(0,7)\]
Compiling architecture fdre_v of entity unisim.FDRE [fdre_default]
Compiling architecture lut4_v of entity unisim.LUT4 [\LUT4(init="1111101100001000")(0...]
Compiling architecture structure of entity xil_defaultlib.RAM_blk_mem_gen_mux [ram_blk_mem_gen_mux_default]
Compiling architecture rb36_internal_vhdl_v of entity unisim.RB36_INTERNAL_VHDL [\RB36_INTERNAL_VHDL(doa_reg=1,in...]
Compiling architecture ramb36e1_v of entity unisim.RAMB36E1 [\RAMB36E1(doa_reg=1,ram_extensio...]
Compiling architecture rb36_internal_vhdl_v of entity unisim.RB36_INTERNAL_VHDL [\RB36_INTERNAL_VHDL(doa_reg=1,in...]
Compiling architecture ramb36e1_v of entity unisim.RAMB36E1 [\RAMB36E1(doa_reg=1,ram_extensio...]
Compiling architecture structure of entity xil_defaultlib.RAM_blk_mem_gen_prim_wrapper [ram_blk_mem_gen_prim_wrapper_def...]
Compiling architecture structure of entity xil_defaultlib.RAM_blk_mem_gen_prim_width [ram_blk_mem_gen_prim_width_defau...]
Compiling architecture structure of entity xil_defaultlib.\RAM_blk_mem_gen_prim_wrapper__parameterized9\ [\RAM_blk_mem_gen_prim_wrapper__p...]
Compiling architecture structure of entity xil_defaultlib.\RAM_blk_mem_gen_prim_width__parameterized9\ [\RAM_blk_mem_gen_prim_width__par...]
Compiling architecture structure of entity xil_defaultlib.\RAM_blk_mem_gen_prim_wrapper__parameterized10\ [\RAM_blk_mem_gen_prim_wrapper__p...]
Compiling architecture structure of entity xil_defaultlib.\RAM_blk_mem_gen_prim_width__parameterized10\ [\RAM_blk_mem_gen_prim_width__par...]
Compiling architecture structure of entity xil_defaultlib.\RAM_blk_mem_gen_prim_wrapper__parameterized11\ [\RAM_blk_mem_gen_prim_wrapper__p...]
Compiling architecture structure of entity xil_defaultlib.\RAM_blk_mem_gen_prim_width__parameterized11\ [\RAM_blk_mem_gen_prim_width__par...]
Compiling architecture structure of entity xil_defaultlib.\RAM_blk_mem_gen_prim_wrapper__parameterized12\ [\RAM_blk_mem_gen_prim_wrapper__p...]
Compiling architecture structure of entity xil_defaultlib.\RAM_blk_mem_gen_prim_width__parameterized12\ [\RAM_blk_mem_gen_prim_width__par...]
Compiling architecture structure of entity xil_defaultlib.\RAM_blk_mem_gen_prim_wrapper__parameterized13\ [\RAM_blk_mem_gen_prim_wrapper__p...]
Compiling architecture structure of entity xil_defaultlib.\RAM_blk_mem_gen_prim_width__parameterized13\ [\RAM_blk_mem_gen_prim_width__par...]
Compiling architecture structure of entity xil_defaultlib.\RAM_blk_mem_gen_prim_wrapper__parameterized14\ [\RAM_blk_mem_gen_prim_wrapper__p...]
Compiling architecture structure of entity xil_defaultlib.\RAM_blk_mem_gen_prim_width__parameterized14\ [\RAM_blk_mem_gen_prim_width__par...]
Compiling architecture structure of entity xil_defaultlib.\RAM_blk_mem_gen_prim_wrapper__parameterized15\ [\RAM_blk_mem_gen_prim_wrapper__p...]
Compiling architecture structure of entity xil_defaultlib.\RAM_blk_mem_gen_prim_width__parameterized15\ [\RAM_blk_mem_gen_prim_width__par...]
Compiling architecture structure of entity xil_defaultlib.\RAM_blk_mem_gen_prim_wrapper__parameterized16\ [\RAM_blk_mem_gen_prim_wrapper__p...]
Compiling architecture structure of entity xil_defaultlib.\RAM_blk_mem_gen_prim_width__parameterized16\ [\RAM_blk_mem_gen_prim_width__par...]
Compiling architecture structure of entity xil_defaultlib.\RAM_blk_mem_gen_prim_wrapper__parameterized17\ [\RAM_blk_mem_gen_prim_wrapper__p...]
Compiling architecture structure of entity xil_defaultlib.\RAM_blk_mem_gen_prim_width__parameterized17\ [\RAM_blk_mem_gen_prim_width__par...]
Compiling architecture structure of entity xil_defaultlib.\RAM_blk_mem_gen_prim_wrapper__parameterized18\ [\RAM_blk_mem_gen_prim_wrapper__p...]
Compiling architecture structure of entity xil_defaultlib.\RAM_blk_mem_gen_prim_width__parameterized18\ [\RAM_blk_mem_gen_prim_width__par...]
Compiling architecture structure of entity xil_defaultlib.\RAM_blk_mem_gen_prim_wrapper__parameterized0\ [\RAM_blk_mem_gen_prim_wrapper__p...]
Compiling architecture structure of entity xil_defaultlib.\RAM_blk_mem_gen_prim_width__parameterized0\ [\RAM_blk_mem_gen_prim_width__par...]
Compiling architecture structure of entity xil_defaultlib.\RAM_blk_mem_gen_prim_wrapper__parameterized19\ [\RAM_blk_mem_gen_prim_wrapper__p...]
Compiling architecture structure of entity xil_defaultlib.\RAM_blk_mem_gen_prim_width__parameterized19\ [\RAM_blk_mem_gen_prim_width__par...]
Compiling architecture structure of entity xil_defaultlib.\RAM_blk_mem_gen_prim_wrapper__parameterized20\ [\RAM_blk_mem_gen_prim_wrapper__p...]
Compiling architecture structure of entity xil_defaultlib.\RAM_blk_mem_gen_prim_width__parameterized20\ [\RAM_blk_mem_gen_prim_width__par...]
Compiling architecture structure of entity xil_defaultlib.\RAM_blk_mem_gen_prim_wrapper__parameterized21\ [\RAM_blk_mem_gen_prim_wrapper__p...]
Compiling architecture structure of entity xil_defaultlib.\RAM_blk_mem_gen_prim_width__parameterized21\ [\RAM_blk_mem_gen_prim_width__par...]
Compiling architecture structure of entity xil_defaultlib.\RAM_blk_mem_gen_prim_wrapper__parameterized22\ [\RAM_blk_mem_gen_prim_wrapper__p...]
Compiling architecture structure of entity xil_defaultlib.\RAM_blk_mem_gen_prim_width__parameterized22\ [\RAM_blk_mem_gen_prim_width__par...]
Compiling architecture structure of entity xil_defaultlib.\RAM_blk_mem_gen_prim_wrapper__parameterized23\ [\RAM_blk_mem_gen_prim_wrapper__p...]
Compiling architecture structure of entity xil_defaultlib.\RAM_blk_mem_gen_prim_width__parameterized23\ [\RAM_blk_mem_gen_prim_width__par...]
Compiling architecture structure of entity xil_defaultlib.\RAM_blk_mem_gen_prim_wrapper__parameterized24\ [\RAM_blk_mem_gen_prim_wrapper__p...]
Compiling architecture structure of entity xil_defaultlib.\RAM_blk_mem_gen_prim_width__parameterized24\ [\RAM_blk_mem_gen_prim_width__par...]
Compiling architecture structure of entity xil_defaultlib.\RAM_blk_mem_gen_prim_wrapper__parameterized25\ [\RAM_blk_mem_gen_prim_wrapper__p...]
Compiling architecture structure of entity xil_defaultlib.\RAM_blk_mem_gen_prim_width__parameterized25\ [\RAM_blk_mem_gen_prim_width__par...]
Compiling architecture structure of entity xil_defaultlib.\RAM_blk_mem_gen_prim_wrapper__parameterized26\ [\RAM_blk_mem_gen_prim_wrapper__p...]
Compiling architecture structure of entity xil_defaultlib.\RAM_blk_mem_gen_prim_width__parameterized26\ [\RAM_blk_mem_gen_prim_width__par...]
Compiling architecture structure of entity xil_defaultlib.\RAM_blk_mem_gen_prim_wrapper__parameterized27\ [\RAM_blk_mem_gen_prim_wrapper__p...]
Compiling architecture structure of entity xil_defaultlib.\RAM_blk_mem_gen_prim_width__parameterized27\ [\RAM_blk_mem_gen_prim_width__par...]
Compiling architecture structure of entity xil_defaultlib.\RAM_blk_mem_gen_prim_wrapper__parameterized28\ [\RAM_blk_mem_gen_prim_wrapper__p...]
Compiling architecture structure of entity xil_defaultlib.\RAM_blk_mem_gen_prim_width__parameterized28\ [\RAM_blk_mem_gen_prim_width__par...]
Compiling architecture structure of entity xil_defaultlib.\RAM_blk_mem_gen_prim_wrapper__parameterized1\ [\RAM_blk_mem_gen_prim_wrapper__p...]
Compiling architecture structure of entity xil_defaultlib.\RAM_blk_mem_gen_prim_width__parameterized1\ [\RAM_blk_mem_gen_prim_width__par...]
Compiling architecture structure of entity xil_defaultlib.\RAM_blk_mem_gen_prim_wrapper__parameterized29\ [\RAM_blk_mem_gen_prim_wrapper__p...]
Compiling architecture structure of entity xil_defaultlib.\RAM_blk_mem_gen_prim_width__parameterized29\ [\RAM_blk_mem_gen_prim_width__par...]
Compiling architecture structure of entity xil_defaultlib.\RAM_blk_mem_gen_prim_wrapper__parameterized30\ [\RAM_blk_mem_gen_prim_wrapper__p...]
Compiling architecture structure of entity xil_defaultlib.\RAM_blk_mem_gen_prim_width__parameterized30\ [\RAM_blk_mem_gen_prim_width__par...]
Compiling architecture structure of entity xil_defaultlib.\RAM_blk_mem_gen_prim_wrapper__parameterized31\ [\RAM_blk_mem_gen_prim_wrapper__p...]
Compiling architecture structure of entity xil_defaultlib.\RAM_blk_mem_gen_prim_width__parameterized31\ [\RAM_blk_mem_gen_prim_width__par...]
Compiling architecture structure of entity xil_defaultlib.\RAM_blk_mem_gen_prim_wrapper__parameterized32\ [\RAM_blk_mem_gen_prim_wrapper__p...]
Compiling architecture structure of entity xil_defaultlib.\RAM_blk_mem_gen_prim_width__parameterized32\ [\RAM_blk_mem_gen_prim_width__par...]
Compiling architecture structure of entity xil_defaultlib.\RAM_blk_mem_gen_prim_wrapper__parameterized33\ [\RAM_blk_mem_gen_prim_wrapper__p...]
Compiling architecture structure of entity xil_defaultlib.\RAM_blk_mem_gen_prim_width__parameterized33\ [\RAM_blk_mem_gen_prim_width__par...]
Compiling architecture structure of entity xil_defaultlib.\RAM_blk_mem_gen_prim_wrapper__parameterized34\ [\RAM_blk_mem_gen_prim_wrapper__p...]
Compiling architecture structure of entity xil_defaultlib.\RAM_blk_mem_gen_prim_width__parameterized34\ [\RAM_blk_mem_gen_prim_width__par...]
Compiling architecture structure of entity xil_defaultlib.\RAM_blk_mem_gen_prim_wrapper__parameterized35\ [\RAM_blk_mem_gen_prim_wrapper__p...]
Compiling architecture structure of entity xil_defaultlib.\RAM_blk_mem_gen_prim_width__parameterized35\ [\RAM_blk_mem_gen_prim_width__par...]
Compiling architecture structure of entity xil_defaultlib.\RAM_blk_mem_gen_prim_wrapper__parameterized36\ [\RAM_blk_mem_gen_prim_wrapper__p...]
Compiling architecture structure of entity xil_defaultlib.\RAM_blk_mem_gen_prim_width__parameterized36\ [\RAM_blk_mem_gen_prim_width__par...]
Compiling architecture structure of entity xil_defaultlib.\RAM_blk_mem_gen_prim_wrapper__parameterized37\ [\RAM_blk_mem_gen_prim_wrapper__p...]
Compiling architecture structure of entity xil_defaultlib.\RAM_blk_mem_gen_prim_width__parameterized37\ [\RAM_blk_mem_gen_prim_width__par...]
Compiling architecture structure of entity xil_defaultlib.\RAM_blk_mem_gen_prim_wrapper__parameterized38\ [\RAM_blk_mem_gen_prim_wrapper__p...]
Compiling architecture structure of entity xil_defaultlib.\RAM_blk_mem_gen_prim_width__parameterized38\ [\RAM_blk_mem_gen_prim_width__par...]
Compiling architecture structure of entity xil_defaultlib.\RAM_blk_mem_gen_prim_wrapper__parameterized2\ [\RAM_blk_mem_gen_prim_wrapper__p...]
Compiling architecture structure of entity xil_defaultlib.\RAM_blk_mem_gen_prim_width__parameterized2\ [\RAM_blk_mem_gen_prim_width__par...]
Compiling architecture structure of entity xil_defaultlib.\RAM_blk_mem_gen_prim_wrapper__parameterized39\ [\RAM_blk_mem_gen_prim_wrapper__p...]
Compiling architecture structure of entity xil_defaultlib.\RAM_blk_mem_gen_prim_width__parameterized39\ [\RAM_blk_mem_gen_prim_width__par...]
Compiling architecture structure of entity xil_defaultlib.\RAM_blk_mem_gen_prim_wrapper__parameterized40\ [\RAM_blk_mem_gen_prim_wrapper__p...]
Compiling architecture structure of entity xil_defaultlib.\RAM_blk_mem_gen_prim_width__parameterized40\ [\RAM_blk_mem_gen_prim_width__par...]
Compiling architecture structure of entity xil_defaultlib.\RAM_blk_mem_gen_prim_wrapper__parameterized41\ [\RAM_blk_mem_gen_prim_wrapper__p...]
Compiling architecture structure of entity xil_defaultlib.\RAM_blk_mem_gen_prim_width__parameterized41\ [\RAM_blk_mem_gen_prim_width__par...]
Compiling architecture structure of entity xil_defaultlib.\RAM_blk_mem_gen_prim_wrapper__parameterized42\ [\RAM_blk_mem_gen_prim_wrapper__p...]
Compiling architecture structure of entity xil_defaultlib.\RAM_blk_mem_gen_prim_width__parameterized42\ [\RAM_blk_mem_gen_prim_width__par...]
Compiling architecture structure of entity xil_defaultlib.\RAM_blk_mem_gen_prim_wrapper__parameterized43\ [\RAM_blk_mem_gen_prim_wrapper__p...]
Compiling architecture structure of entity xil_defaultlib.\RAM_blk_mem_gen_prim_width__parameterized43\ [\RAM_blk_mem_gen_prim_width__par...]
Compiling architecture structure of entity xil_defaultlib.\RAM_blk_mem_gen_prim_wrapper__parameterized44\ [\RAM_blk_mem_gen_prim_wrapper__p...]
Compiling architecture structure of entity xil_defaultlib.\RAM_blk_mem_gen_prim_width__parameterized44\ [\RAM_blk_mem_gen_prim_width__par...]
Compiling architecture structure of entity xil_defaultlib.\RAM_blk_mem_gen_prim_wrapper__parameterized45\ [\RAM_blk_mem_gen_prim_wrapper__p...]
Compiling architecture structure of entity xil_defaultlib.\RAM_blk_mem_gen_prim_width__parameterized45\ [\RAM_blk_mem_gen_prim_width__par...]
Compiling architecture structure of entity xil_defaultlib.\RAM_blk_mem_gen_prim_wrapper__parameterized46\ [\RAM_blk_mem_gen_prim_wrapper__p...]
Compiling architecture structure of entity xil_defaultlib.\RAM_blk_mem_gen_prim_width__parameterized46\ [\RAM_blk_mem_gen_prim_width__par...]
Compiling architecture structure of entity xil_defaultlib.\RAM_blk_mem_gen_prim_wrapper__parameterized47\ [\RAM_blk_mem_gen_prim_wrapper__p...]
Compiling architecture structure of entity xil_defaultlib.\RAM_blk_mem_gen_prim_width__parameterized47\ [\RAM_blk_mem_gen_prim_width__par...]
Compiling architecture structure of entity xil_defaultlib.\RAM_blk_mem_gen_prim_wrapper__parameterized48\ [\RAM_blk_mem_gen_prim_wrapper__p...]
Compiling architecture structure of entity xil_defaultlib.\RAM_blk_mem_gen_prim_width__parameterized48\ [\RAM_blk_mem_gen_prim_width__par...]
Compiling architecture structure of entity xil_defaultlib.\RAM_blk_mem_gen_prim_wrapper__parameterized3\ [\RAM_blk_mem_gen_prim_wrapper__p...]
Compiling architecture structure of entity xil_defaultlib.\RAM_blk_mem_gen_prim_width__parameterized3\ [\RAM_blk_mem_gen_prim_width__par...]
Compiling architecture structure of entity xil_defaultlib.\RAM_blk_mem_gen_prim_wrapper__parameterized49\ [\RAM_blk_mem_gen_prim_wrapper__p...]
Compiling architecture structure of entity xil_defaultlib.\RAM_blk_mem_gen_prim_width__parameterized49\ [\RAM_blk_mem_gen_prim_width__par...]
Compiling architecture structure of entity xil_defaultlib.\RAM_blk_mem_gen_prim_wrapper__parameterized50\ [\RAM_blk_mem_gen_prim_wrapper__p...]
Compiling architecture structure of entity xil_defaultlib.\RAM_blk_mem_gen_prim_width__parameterized50\ [\RAM_blk_mem_gen_prim_width__par...]
Compiling architecture structure of entity xil_defaultlib.\RAM_blk_mem_gen_prim_wrapper__parameterized51\ [\RAM_blk_mem_gen_prim_wrapper__p...]
Compiling architecture structure of entity xil_defaultlib.\RAM_blk_mem_gen_prim_width__parameterized51\ [\RAM_blk_mem_gen_prim_width__par...]
Compiling architecture structure of entity xil_defaultlib.\RAM_blk_mem_gen_prim_wrapper__parameterized52\ [\RAM_blk_mem_gen_prim_wrapper__p...]
Compiling architecture structure of entity xil_defaultlib.\RAM_blk_mem_gen_prim_width__parameterized52\ [\RAM_blk_mem_gen_prim_width__par...]
Compiling architecture structure of entity xil_defaultlib.\RAM_blk_mem_gen_prim_wrapper__parameterized53\ [\RAM_blk_mem_gen_prim_wrapper__p...]
Compiling architecture structure of entity xil_defaultlib.\RAM_blk_mem_gen_prim_width__parameterized53\ [\RAM_blk_mem_gen_prim_width__par...]
Compiling architecture structure of entity xil_defaultlib.\RAM_blk_mem_gen_prim_wrapper__parameterized54\ [\RAM_blk_mem_gen_prim_wrapper__p...]
Compiling architecture structure of entity xil_defaultlib.\RAM_blk_mem_gen_prim_width__parameterized54\ [\RAM_blk_mem_gen_prim_width__par...]
Compiling architecture lut2_v of entity unisim.LUT2 [\LUT2(init="0110")(0,3)\]
Compiling architecture lut4_v of entity unisim.LUT4 [\LUT4(init="1111111111111110")(0...]
Compiling architecture srl16e_v of entity unisim.SRL16E [\SRL16E(0,15)\]
Compiling architecture lut5_v of entity unisim.LUT5 [\LUT5(init="11111111111111110000...]
Compiling architecture lut5_v of entity unisim.LUT5 [\LUT5(init="11111111111111110000...]
Compiling architecture lut5_v of entity unisim.LUT5 [\LUT5(init="11111111111111110010...]
Compiling architecture lut2_v of entity unisim.LUT2 [\LUT2(init="1110")(0,3)\]
Compiling architecture lut5_v of entity unisim.LUT5 [\LUT5(init="11111111111111110001...]
Compiling architecture lut5_v of entity unisim.LUT5 [\LUT5(init="11111111111111111000...]
Compiling architecture lut5_v of entity unisim.LUT5 [\LUT5(init="11111111111111110100...]
Compiling architecture lut5_v of entity unisim.LUT5 [\LUT5(init="11111111111111110000...]
Compiling architecture lut5_v of entity unisim.LUT5 [\LUT5(init="11111111111111110000...]
Compiling architecture structure of entity xil_defaultlib.\RAM_blk_mem_gen_prim_wrapper__parameterized55\ [\RAM_blk_mem_gen_prim_wrapper__p...]
Compiling architecture structure of entity xil_defaultlib.\RAM_blk_mem_gen_prim_width__parameterized55\ [\RAM_blk_mem_gen_prim_width__par...]
Compiling architecture structure of entity xil_defaultlib.\RAM_blk_mem_gen_prim_wrapper__parameterized56\ [\RAM_blk_mem_gen_prim_wrapper__p...]
Compiling architecture structure of entity xil_defaultlib.\RAM_blk_mem_gen_prim_width__parameterized56\ [\RAM_blk_mem_gen_prim_width__par...]
Compiling architecture structure of entity xil_defaultlib.\RAM_blk_mem_gen_prim_wrapper__parameterized57\ [\RAM_blk_mem_gen_prim_wrapper__p...]
Compiling architecture structure of entity xil_defaultlib.\RAM_blk_mem_gen_prim_width__parameterized57\ [\RAM_blk_mem_gen_prim_width__par...]
Compiling architecture structure of entity xil_defaultlib.\RAM_blk_mem_gen_prim_wrapper__parameterized58\ [\RAM_blk_mem_gen_prim_wrapper__p...]
Compiling architecture structure of entity xil_defaultlib.\RAM_blk_mem_gen_prim_width__parameterized58\ [\RAM_blk_mem_gen_prim_width__par...]
Compiling architecture structure of entity xil_defaultlib.\RAM_blk_mem_gen_prim_wrapper__parameterized4\ [\RAM_blk_mem_gen_prim_wrapper__p...]
Compiling architecture structure of entity xil_defaultlib.\RAM_blk_mem_gen_prim_width__parameterized4\ [\RAM_blk_mem_gen_prim_width__par...]
Compiling architecture structure of entity xil_defaultlib.\RAM_blk_mem_gen_prim_wrapper__parameterized59\ [\RAM_blk_mem_gen_prim_wrapper__p...]
Compiling architecture structure of entity xil_defaultlib.\RAM_blk_mem_gen_prim_width__parameterized59\ [\RAM_blk_mem_gen_prim_width__par...]
Compiling architecture structure of entity xil_defaultlib.\RAM_blk_mem_gen_prim_wrapper__parameterized60\ [\RAM_blk_mem_gen_prim_wrapper__p...]
Compiling architecture structure of entity xil_defaultlib.\RAM_blk_mem_gen_prim_width__parameterized60\ [\RAM_blk_mem_gen_prim_width__par...]
Compiling architecture structure of entity xil_defaultlib.\RAM_blk_mem_gen_prim_wrapper__parameterized61\ [\RAM_blk_mem_gen_prim_wrapper__p...]
Compiling architecture structure of entity xil_defaultlib.\RAM_blk_mem_gen_prim_width__parameterized61\ [\RAM_blk_mem_gen_prim_width__par...]
Compiling architecture structure of entity xil_defaultlib.\RAM_blk_mem_gen_prim_wrapper__parameterized62\ [\RAM_blk_mem_gen_prim_wrapper__p...]
Compiling architecture structure of entity xil_defaultlib.\RAM_blk_mem_gen_prim_width__parameterized62\ [\RAM_blk_mem_gen_prim_width__par...]
Compiling architecture structure of entity xil_defaultlib.\RAM_blk_mem_gen_prim_wrapper__parameterized5\ [\RAM_blk_mem_gen_prim_wrapper__p...]
Compiling architecture structure of entity xil_defaultlib.\RAM_blk_mem_gen_prim_width__parameterized5\ [\RAM_blk_mem_gen_prim_width__par...]
Compiling architecture structure of entity xil_defaultlib.\RAM_blk_mem_gen_prim_wrapper__parameterized6\ [\RAM_blk_mem_gen_prim_wrapper__p...]
Compiling architecture structure of entity xil_defaultlib.\RAM_blk_mem_gen_prim_width__parameterized6\ [\RAM_blk_mem_gen_prim_width__par...]
Compiling architecture structure of entity xil_defaultlib.\RAM_blk_mem_gen_prim_wrapper__parameterized7\ [\RAM_blk_mem_gen_prim_wrapper__p...]
Compiling architecture structure of entity xil_defaultlib.\RAM_blk_mem_gen_prim_width__parameterized7\ [\RAM_blk_mem_gen_prim_width__par...]
Compiling architecture structure of entity xil_defaultlib.\RAM_blk_mem_gen_prim_wrapper__parameterized8\ [\RAM_blk_mem_gen_prim_wrapper__p...]
Compiling architecture structure of entity xil_defaultlib.\RAM_blk_mem_gen_prim_width__parameterized8\ [\RAM_blk_mem_gen_prim_width__par...]
Compiling architecture structure of entity xil_defaultlib.RAM_blk_mem_gen_generic_cstr [ram_blk_mem_gen_generic_cstr_def...]
Compiling architecture structure of entity xil_defaultlib.RAM_blk_mem_gen_top [ram_blk_mem_gen_top_default]
Compiling architecture structure of entity xil_defaultlib.RAM_blk_mem_gen_v8_4_1_synth [ram_blk_mem_gen_v8_4_1_synth_def...]
Compiling architecture structure of entity xil_defaultlib.RAM_blk_mem_gen_v8_4_1 [ram_blk_mem_gen_v8_4_1_default]
Compiling architecture structure of entity xil_defaultlib.RAM [ram_default]
Compiling architecture behavioral of entity xil_defaultlib.controller_system [controller_system_default]
Compiling architecture behavioral of entity xil_defaultlib.bit_converter [bit_converter_default]
Compiling architecture behavioral of entity xil_defaultlib.dsed_audio [dsed_audio_default]
Compiling architecture behavioral of entity xil_defaultlib.audio_global_tb
Built simulation snapshot audio_global_tb_behav
